[feurona.com/index.html]
[backblue.gif]
[fade.gif]
[index.html]
[cdn.myportfolio.com/8f9e97e6-b4e9-4f72-a8ba-dc4a7e833406/3498527b-afe4-401a-9f55-80080532c014_rwc_0x0x700x700x700ecc3.png]
[cdn.myportfolio.com/8f9e97e6-b4e9-4f72-a8ba-dc4a7e833406/947fc5d9-3ea0-41b8-b2b9-caae3eff1f56_carw_1x1x32f70f.png]
[feurona.com/dist/css/main.css]
[feurona.com/work.html]
[use.typekit.net/ik/182Fy8R4jw8RbUwWe6A3Fvesq5A2siWFA3UgDx2drg3fe8GJGLGmIKvDFQqawQFLjQbuF2sR5A93FAjhFQMuZQmcZ24RZR93wDjXFhIDwD6ajDy8wRIXwyGMJ6scieonH6qJyB9bMg6IJMI7fbKgmsMMeMS6MZMgU_pakMj3288.js]
[feurona.com/contact.html]
[cdn.myportfolio.com/8f9e97e6-b4e9-4f72-a8ba-dc4a7e833406/7d88e3ff-c57a-4cc4-aa43-afb505810f66_rwc_0x0x700x700x40969014.png]
[feurona.com/zoo-project.html]
[cdn.myportfolio.com/8f9e97e6-b4e9-4f72-a8ba-dc4a7e833406/a6831705-cd87-4a5c-93f5-442c482a1f9e_carw_202x158x32e113.jpg]
[feurona.com/flame-brand.html]
[cdn.myportfolio.com/8f9e97e6-b4e9-4f72-a8ba-dc4a7e833406/db68fd84-003c-4b2b-9cda-98b4a5ac88b0_carw_202x158x32acac.jpg]
[feurona.com/so-balqan.html]
[cdn.myportfolio.com/8f9e97e6-b4e9-4f72-a8ba-dc4a7e833406/3ff18735-e57c-489b-8f9c-d20074d4f608_carw_202x158x325549.jpg]
[feurona.com/interior-project-visualization.html]
[cdn.myportfolio.com/8f9e97e6-b4e9-4f72-a8ba-dc4a7e833406/a1a8e066-1f13-4ded-90dc-902f2bf50443_carw_202x158x32739d.png]
[feurona.com/bathroom-design.html]
[cdn.myportfolio.com/8f9e97e6-b4e9-4f72-a8ba-dc4a7e833406/9f9ec890-acd7-4084-9457-eedbb4b7251f_carw_202x158x32a218.png]
[feurona.com/businesscards.html]
[cdn.myportfolio.com/8f9e97e6-b4e9-4f72-a8ba-dc4a7e833406/4cc85518-45a1-4bae-9239-ae674af83399_carw_202x158x320fb7.png]
[feurona.com/christmas-concert.html]
[cdn.myportfolio.com/8f9e97e6-b4e9-4f72-a8ba-dc4a7e833406/428c44cb-c6c4-456b-aa69-f4b9d48e941e_carw_202x158x3243a0.png]
[feurona.com/interior-design-model-to-life.html]
[cdn.myportfolio.com/8f9e97e6-b4e9-4f72-a8ba-dc4a7e833406/e7ab66e5-d728-40ea-84e8-624a06fddf90_carw_202x158x32360d.png]
[feurona.com/interior-design-kitchen-visual.html]
[cdn.myportfolio.com/8f9e97e6-b4e9-4f72-a8ba-dc4a7e833406/59cd0aa9-d575-4ecb-8a91-4cf6f103ad65_carw_202x158x3221c7.png]
[feurona.com/website-design-mychefskitchen.html]
[cdn.myportfolio.com/8f9e97e6-b4e9-4f72-a8ba-dc4a7e833406/8aedd32c-3707-42d8-8f0c-a341298f353f_carw_202x158x3236f1.jpg]
[feurona.com/smarttax-leaflets-and-website.html]
[cdn.myportfolio.com/8f9e97e6-b4e9-4f72-a8ba-dc4a7e833406/9a0b3689-75f6-4a17-bac8-2251cab09951_carw_202x158x325d2d.jpg]
[feurona.com/logo-ideas-for-modern-urban-cafeteria.html]
[cdn.myportfolio.com/8f9e97e6-b4e9-4f72-a8ba-dc4a7e833406/37ffc732-e1b5-44a9-8382-b069a5765175_carw_202x158x32df7c.jpg]
[feurona.com/christmas-cards-ue-varna.html]
[cdn.myportfolio.com/8f9e97e6-b4e9-4f72-a8ba-dc4a7e833406/33ebc799-644f-4639-a027-c0319fa7c516_carw_202x158x32e73b.jpg]
[feurona.com/pet-food.html]
[cdn.myportfolio.com/8f9e97e6-b4e9-4f72-a8ba-dc4a7e833406/0e6ef2d6-647e-40c2-80e8-8f0c844e8501_carw_202x158x32cad5.jpg]
[feurona.com/cookies-packaging.html]
[cdn.myportfolio.com/8f9e97e6-b4e9-4f72-a8ba-dc4a7e833406/9d995e29-0931-490e-bd01-d5410e6fa3b9_carw_202x158x32ac15.jpg]
[feurona.com/energy-sticks-packaging.html]
[cdn.myportfolio.com/8f9e97e6-b4e9-4f72-a8ba-dc4a7e833406/f4a5fa3e-a276-454e-927c-9bd42a98d99a_carw_202x158x3293bb.jpg]
[feurona.com/eye-patches-packaging.html]
[cdn.myportfolio.com/8f9e97e6-b4e9-4f72-a8ba-dc4a7e833406/8d18f145-3cd3-42c8-8ecf-fca0b2537010_carw_202x158x3259f3.jpg]
[feurona.com/packaging-design.html]
[cdn.myportfolio.com/8f9e97e6-b4e9-4f72-a8ba-dc4a7e833406/a7c1204e-7bb0-47b3-8ee1-f7f3f2f3796f_carw_202x158x32b7e7.png]
[feurona.com/shampoo-bar.html]
[cdn.myportfolio.com/8f9e97e6-b4e9-4f72-a8ba-dc4a7e833406/f38df3b5-5720-4cc5-8eaf-2ceb37ac9689_carw_202x158x329462.png]
[feurona.com/idei-za-igri-carrot.html]
[cdn.myportfolio.com/8f9e97e6-b4e9-4f72-a8ba-dc4a7e833406/f796420e-4dda-4ea5-a574-e7b2edb2ecbe_carw_202x158x32a811.jpg]
[feurona.com/mice-monkeys.html]
[cdn.myportfolio.com/8f9e97e6-b4e9-4f72-a8ba-dc4a7e833406/844f2daf-90f4-4b9b-993e-51010f7312a6_carw_202x158x32c925.jpg]
[feurona.com/fit-fresh-with-ivka.html]
[cdn.myportfolio.com/8f9e97e6-b4e9-4f72-a8ba-dc4a7e833406/297e2bef-e1ed-47d7-ae5a-71d9696137c1_carw_202x158x32eda1.jpg]
[feurona.com/pretty-woman-clothing-store.html]
[cdn.myportfolio.com/8f9e97e6-b4e9-4f72-a8ba-dc4a7e833406/4f6fefda-b5cb-4718-8d11-3b40dae7a1a4_carw_202x158x32240d.jpg]
[feurona.com/heal.html]
[cdn.myportfolio.com/8f9e97e6-b4e9-4f72-a8ba-dc4a7e833406/73d108d5-0739-450e-9ce4-19953db0f127_carw_202x158x327826.jpg]
[feurona.com/kreda.html]
[cdn.myportfolio.com/8f9e97e6-b4e9-4f72-a8ba-dc4a7e833406/72a4cf1e-7406-4724-bb05-164b8742f2d1_carw_202x158x32d098.jpg]
[feurona.com/sail.html]
[cdn.myportfolio.com/8f9e97e6-b4e9-4f72-a8ba-dc4a7e833406/92ffb1c9-c258-496d-9790-36b3f696574c_carw_202x158x3274f0.jpg]
[feurona.com/endorfino.html]
[cdn.myportfolio.com/8f9e97e6-b4e9-4f72-a8ba-dc4a7e833406/c44ee08c-d31e-4fd8-babb-b7d60869acf2_carw_202x158x32d46a.png]
[feurona.com/elaste-magazine.html]
[cdn.myportfolio.com/8f9e97e6-b4e9-4f72-a8ba-dc4a7e833406/28630f93-f765-48f4-b315-839f5702c54c_carw_202x158x32310a.jpg]
[feurona.com/racitebg.html]
[cdn.myportfolio.com/8f9e97e6-b4e9-4f72-a8ba-dc4a7e833406/d03c9428-2e1e-4346-ba63-42af67fc24a6_carw_202x158x329688.png]
[feurona.com/bulgarian-storm-logo-t-shirt-design.html]
[cdn.myportfolio.com/8f9e97e6-b4e9-4f72-a8ba-dc4a7e833406/9b65270f-b743-422a-86de-6dc57d996a6b_carw_202x158x3260a0.jpg]
[feurona.com/wine-harbour-illustration.html]
[cdn.myportfolio.com/8f9e97e6-b4e9-4f72-a8ba-dc4a7e833406/46604006-4b86-470e-af0c-4cd745368c1c_carw_202x158x3265cc.jpg]
[feurona.com/kalia-eood.html]
[cdn.myportfolio.com/8f9e97e6-b4e9-4f72-a8ba-dc4a7e833406/3a743685-99a2-40ee-8fc0-913ac4a6b083_carw_202x158x328848.jpg]
[feurona.com/biana-photography.html]
[cdn.myportfolio.com/8f9e97e6-b4e9-4f72-a8ba-dc4a7e833406/9cb7fdc6-bda3-432b-b6da-525af5f3e390_carw_202x158x32dff0.jpg]
[feurona.com/zodiac.html]
[cdn.myportfolio.com/8f9e97e6-b4e9-4f72-a8ba-dc4a7e833406/71cdda08-40ac-470f-9c9a-e93592efe930_carw_202x158x327dc5.jpg]
[feurona.com/siyanavelikova.html]
[cdn.myportfolio.com/8f9e97e6-b4e9-4f72-a8ba-dc4a7e833406/c86475b7-9c3d-45ee-9a73-79c9d617bfea_carw_202x158x325b1d.jpg]
[feurona.com/eu-student-union-meeting-logo.html]
[cdn.myportfolio.com/8f9e97e6-b4e9-4f72-a8ba-dc4a7e833406/385e7e5a-1297-4e52-8016-9b6d272537a4_carw_202x158x328181.jpg]
[feurona.com/inner-wheel-seal.html]
[cdn.myportfolio.com/8f9e97e6-b4e9-4f72-a8ba-dc4a7e833406/938624c0-582c-4020-b0ea-2426db2a79da_carw_202x158x32f016.jpg]
[feurona.com/prospective-campaign-for-wizzair.html]
[cdn.myportfolio.com/8f9e97e6-b4e9-4f72-a8ba-dc4a7e833406/db51e0e5-882d-4d59-a7b2-29f71257ee33_carw_202x158x328a43.jpg]
[feurona.com/bolyarci.html]
[cdn.myportfolio.com/8f9e97e6-b4e9-4f72-a8ba-dc4a7e833406/fda2ea33-2b04-4055-8bdf-e811f747a782_carw_202x158x32bd51.jpg]
[feurona.com/dimitrov-winery-label.html]
[cdn.myportfolio.com/8f9e97e6-b4e9-4f72-a8ba-dc4a7e833406/ed85495d-6f61-46be-9154-e87b99c8033e_carw_202x158x3278ee.jpg]
[feurona.com/sun-moon-wines.html]
[cdn.myportfolio.com/8f9e97e6-b4e9-4f72-a8ba-dc4a7e833406/9e17659d-b250-43fc-9fb8-f21e56043b97_carw_202x158x32cc4a.jpg]
[feurona.com/eagle-prey-wines.html]
[cdn.myportfolio.com/8f9e97e6-b4e9-4f72-a8ba-dc4a7e833406/2c0964d2-f8c2-40e4-aaa1-92a12c218576_carw_202x158x3254d3.jpg]
[feurona.com/solnisko-susukane.html]
[cdn.myportfolio.com/8f9e97e6-b4e9-4f72-a8ba-dc4a7e833406/690006f6-6444-4a33-9d5d-4e649a0d2a82_carw_202x158x3273da.jpg]
[feurona.com/spiesanie-ocen-pregled.html]
[cdn.myportfolio.com/8f9e97e6-b4e9-4f72-a8ba-dc4a7e833406/acd0c660-3935-45a8-bd01-9092ef0114b8_carw_202x158x32d579.jpg]
[feurona.com/lantum-flyer-illustration.html]
[cdn.myportfolio.com/8f9e97e6-b4e9-4f72-a8ba-dc4a7e833406/f08a4649-982f-4020-9325-45458de5e789_carw_202x158x323ebf.jpg]
[feurona.com/comics-nem-takva-darzav.html]
[cdn.myportfolio.com/8f9e97e6-b4e9-4f72-a8ba-dc4a7e833406/5a1a1531-2786-41d0-99b3-34c19001c731_carw_202x158x325f5c.jpg]
[feurona.com/art-for-picture-decorations.html]
[cdn.myportfolio.com/8f9e97e6-b4e9-4f72-a8ba-dc4a7e833406/260504e3-66c6-48f5-8c81-ebe320de954b_carw_202x158x32ead8.jpg]
[feurona.com/site/translations3288]
[feurona.com/index.html]
[feurona.com/dist/css/main.css]
[cdn.myportfolio.com/8f9e97e6-b4e9-4f72-a8ba-dc4a7e833406/50d9fb0ded87fac4ff91c881cc5a75b91764598855c1aa.css]
[feurona.com/work.html]
[feurona.com/dist/js/main3288.js]
[feurona.com/site/translationsa466]
[use.typekit.net/ik/182Fy8R4jw8RbUwWe6A3Fvesq5A2siWFA3UgDx2drg3fe8GJGLGmIKvDFQqawQFLjQbuF2sR5A93FAjhFQMuZQmcZ24RZR93wDjXFhIDwD6ajDy8wRIXwyGMJ6scieonH6qJyB9bMg6IJMI7fbKgmsMMeMS6MZMgU_pakMja466.js]
[feurona.com/contact.html]
[feurona.com/dist/js/maina466.js]
[cdn.myportfolio.com/8f9e97e6-b4e9-4f72-a8ba-dc4a7e833406/2ffcff4c-2b0d-4c46-91e1-75597b7284442954.jpg]
[cdn.myportfolio.com/8f9e97e6-b4e9-4f72-a8ba-dc4a7e833406/2ffcff4c-2b0d-4c46-91e1-75597b728444_rw_19209b2a.jpg]
[cdn.myportfolio.com/8f9e97e6-b4e9-4f72-a8ba-dc4a7e833406/188c2bf0-26c2-4e64-944b-213d031253e70f65.jpg]
[cdn.myportfolio.com/8f9e97e6-b4e9-4f72-a8ba-dc4a7e833406/188c2bf0-26c2-4e64-944b-213d031253e7_rw_1200c403.jpg]
[feurona.com/zoo-project.html]
[cdn.myportfolio.com/8f9e97e6-b4e9-4f72-a8ba-dc4a7e833406/28048598-ecbb-4d02-9be2-e8cccddac8225768.jpg]
[cdn.myportfolio.com/8f9e97e6-b4e9-4f72-a8ba-dc4a7e833406/28048598-ecbb-4d02-9be2-e8cccddac822_rw_1920f9a1.jpg]
[cdn.myportfolio.com/8f9e97e6-b4e9-4f72-a8ba-dc4a7e833406/9a98f5ab-202b-4cb4-957f-e467add9bccc1064.jpg]
[cdn.myportfolio.com/8f9e97e6-b4e9-4f72-a8ba-dc4a7e833406/9a98f5ab-202b-4cb4-957f-e467add9bccc_rw_19202d7f.jpg]
[feurona.com/flame-brand.html]
[cdn.myportfolio.com/8f9e97e6-b4e9-4f72-a8ba-dc4a7e833406/070f5e48-51d2-42e9-bed6-f095a1745f085108.jpg]
[cdn.myportfolio.com/8f9e97e6-b4e9-4f72-a8ba-dc4a7e833406/070f5e48-51d2-42e9-bed6-f095a1745f08_rw_19201ed9.jpg]
[cdn.myportfolio.com/8f9e97e6-b4e9-4f72-a8ba-dc4a7e833406/5624d19d-76f5-4ee5-acc0-3330efa74b5576d6.jpg]
[cdn.myportfolio.com/8f9e97e6-b4e9-4f72-a8ba-dc4a7e833406/5624d19d-76f5-4ee5-acc0-3330efa74b55_rw_19202c8f.jpg]
[cdn.myportfolio.com/8f9e97e6-b4e9-4f72-a8ba-dc4a7e833406/435197b2-e95f-4c4f-9cf8-337c0fe3b0ef0eed.jpg]
[cdn.myportfolio.com/8f9e97e6-b4e9-4f72-a8ba-dc4a7e833406/435197b2-e95f-4c4f-9cf8-337c0fe3b0ef_rw_1920e247.jpg]
[cdn.myportfolio.com/8f9e97e6-b4e9-4f72-a8ba-dc4a7e833406/87df7002-1d91-4a4a-a3e3-4f3a6a94b7201265.jpg]
[cdn.myportfolio.com/8f9e97e6-b4e9-4f72-a8ba-dc4a7e833406/87df7002-1d91-4a4a-a3e3-4f3a6a94b720_rw_1920a38d.jpg]
[feurona.com/so-balqan.html]
[feurona.com/interior-project-visualization.html]
[feurona.com/bathroom-design.html]
[feurona.com/businesscards.html]
[cdn.myportfolio.com/8f9e97e6-b4e9-4f72-a8ba-dc4a7e833406/c85faacd-86d0-4063-9cec-7d53c7ee01f7d349.jpg]
[cdn.myportfolio.com/8f9e97e6-b4e9-4f72-a8ba-dc4a7e833406/c85faacd-86d0-4063-9cec-7d53c7ee01f7_rw_19204b4d.jpg]
[cdn.myportfolio.com/8f9e97e6-b4e9-4f72-a8ba-dc4a7e833406/4b9ba7f6-89c2-4fb2-9278-735eceb3488ed041.jpg]
[cdn.myportfolio.com/8f9e97e6-b4e9-4f72-a8ba-dc4a7e833406/4b9ba7f6-89c2-4fb2-9278-735eceb3488e_rw_1920f4d5.jpg]
[feurona.com/christmas-concert.html]
[cdn.myportfolio.com/8f9e97e6-b4e9-4f72-a8ba-dc4a7e833406/d4457062-6a29-4200-9af4-ec633542bb56a70d.jpg]
[cdn.myportfolio.com/8f9e97e6-b4e9-4f72-a8ba-dc4a7e833406/d4457062-6a29-4200-9af4-ec633542bb56_rw_19203b32.jpg]
[cdn.myportfolio.com/8f9e97e6-b4e9-4f72-a8ba-dc4a7e833406/0cf21146-3de4-460b-96da-839646cea428591d.jpg]
[cdn.myportfolio.com/8f9e97e6-b4e9-4f72-a8ba-dc4a7e833406/0cf21146-3de4-460b-96da-839646cea428_rw_19204b4a.jpg]
[cdn.myportfolio.com/8f9e97e6-b4e9-4f72-a8ba-dc4a7e833406/79895a4d-ee2e-48f0-8add-c230d0068fafe694.jpg]
[cdn.myportfolio.com/8f9e97e6-b4e9-4f72-a8ba-dc4a7e833406/79895a4d-ee2e-48f0-8add-c230d0068faf_rw_6004e20.jpg]
[cdn.myportfolio.com/8f9e97e6-b4e9-4f72-a8ba-dc4a7e833406/38402783-3378-4fdc-8dc1-2b50b64da18d1b3c.jpg]
[cdn.myportfolio.com/8f9e97e6-b4e9-4f72-a8ba-dc4a7e833406/38402783-3378-4fdc-8dc1-2b50b64da18d_rw_600a1a4.jpg]
[cdn.myportfolio.com/8f9e97e6-b4e9-4f72-a8ba-dc4a7e833406/fcaa545e-1491-43a6-8427-ce02d6833bf5baf7.jpg]
[cdn.myportfolio.com/8f9e97e6-b4e9-4f72-a8ba-dc4a7e833406/fcaa545e-1491-43a6-8427-ce02d6833bf5_rw_6000307.jpg]
[cdn.myportfolio.com/8f9e97e6-b4e9-4f72-a8ba-dc4a7e833406/6a41aa31-1afb-4137-899d-6989399dafd1b4eb.jpg]
[cdn.myportfolio.com/8f9e97e6-b4e9-4f72-a8ba-dc4a7e833406/6a41aa31-1afb-4137-899d-6989399dafd1_rw_1200e500.jpg]
[feurona.com/interior-design-model-to-life.html]
[cdn.myportfolio.com/8f9e97e6-b4e9-4f72-a8ba-dc4a7e833406/fc6cf7af-e897-4916-a47e-dcdaf138e72b9b94.jpg]
[cdn.myportfolio.com/8f9e97e6-b4e9-4f72-a8ba-dc4a7e833406/fc6cf7af-e897-4916-a47e-dcdaf138e72b_rw_192044c3.jpg]
[feurona.com/interior-design-kitchen-visual.html]
[feurona.com/website-design-mychefskitchen.html]
[cdn.myportfolio.com/8f9e97e6-b4e9-4f72-a8ba-dc4a7e833406/37aee957-6235-44e0-8b9c-15127b81d50bec1c.png]
[cdn.myportfolio.com/8f9e97e6-b4e9-4f72-a8ba-dc4a7e833406/37aee957-6235-44e0-8b9c-15127b81d50b_rw_19205655.png]
[feurona.com/smarttax-leaflets-and-website.html]
[cdn.myportfolio.com/8f9e97e6-b4e9-4f72-a8ba-dc4a7e833406/b5cdccf3-f9b8-41c1-a155-120623322514414b.jpg]
[cdn.myportfolio.com/8f9e97e6-b4e9-4f72-a8ba-dc4a7e833406/b5cdccf3-f9b8-41c1-a155-120623322514_rw_38408623.jpg]
[cdn.myportfolio.com/8f9e97e6-b4e9-4f72-a8ba-dc4a7e833406/f5216920-6bd7-47b7-a9f1-c9c9f1d16373d86d.jpg]
[cdn.myportfolio.com/8f9e97e6-b4e9-4f72-a8ba-dc4a7e833406/f5216920-6bd7-47b7-a9f1-c9c9f1d16373_rw_38408c19.jpg]
[cdn.myportfolio.com/8f9e97e6-b4e9-4f72-a8ba-dc4a7e833406/6d162a70-6a8c-48f3-90d2-11713d32cbf4bd12.jpg]
[cdn.myportfolio.com/8f9e97e6-b4e9-4f72-a8ba-dc4a7e833406/6d162a70-6a8c-48f3-90d2-11713d32cbf4_rw_384005a0.jpg]
[cdn.myportfolio.com/8f9e97e6-b4e9-4f72-a8ba-dc4a7e833406/a4361223-39b6-4372-8422-dd4cb30321efe9c4.jpg]
[cdn.myportfolio.com/8f9e97e6-b4e9-4f72-a8ba-dc4a7e833406/a4361223-39b6-4372-8422-dd4cb30321ef_rw_384020ef.jpg]
[feurona.com/logo-ideas-for-modern-urban-cafeteria.html]
[cdn.myportfolio.com/8f9e97e6-b4e9-4f72-a8ba-dc4a7e833406/56469a14-d69d-4880-8c35-820d1ac718b0ba44.jpg]
[cdn.myportfolio.com/8f9e97e6-b4e9-4f72-a8ba-dc4a7e833406/56469a14-d69d-4880-8c35-820d1ac718b0_rw_1920d939.jpg]
[cdn.myportfolio.com/8f9e97e6-b4e9-4f72-a8ba-dc4a7e833406/2e5f7afb-1646-4a42-8dd3-8b7a4f431f61b5cf.jpg]
[cdn.myportfolio.com/8f9e97e6-b4e9-4f72-a8ba-dc4a7e833406/2e5f7afb-1646-4a42-8dd3-8b7a4f431f61_rw_1920732f.jpg]
[cdn.myportfolio.com/8f9e97e6-b4e9-4f72-a8ba-dc4a7e833406/9164d7e4-e412-4aec-aa4e-76d953503547b806.jpg]
[cdn.myportfolio.com/8f9e97e6-b4e9-4f72-a8ba-dc4a7e833406/9164d7e4-e412-4aec-aa4e-76d953503547_rw_1920291c.jpg]
[cdn.myportfolio.com/8f9e97e6-b4e9-4f72-a8ba-dc4a7e833406/3ef50e5b-ee26-4491-b67b-9b74141988d1e019.jpg]
[cdn.myportfolio.com/8f9e97e6-b4e9-4f72-a8ba-dc4a7e833406/3ef50e5b-ee26-4491-b67b-9b74141988d1_rw_1920cd6c.jpg]
[feurona.com/christmas-cards-ue-varna.html]
[feurona.com/pet-food.html]
[feurona.com/cookies-packaging.html]
[feurona.com/energy-sticks-packaging.html]
[feurona.com/eye-patches-packaging.html]
[feurona.com/packaging-design.html]
[feurona.com/shampoo-bar.html]
[cdn.myportfolio.com/8f9e97e6-b4e9-4f72-a8ba-dc4a7e833406/bc1a7f93-de89-49dc-b516-254d17b6e54ceb4c.jpg]
[cdn.myportfolio.com/8f9e97e6-b4e9-4f72-a8ba-dc4a7e833406/bc1a7f93-de89-49dc-b516-254d17b6e54c_rw_120095ac.jpg]
[cdn.myportfolio.com/8f9e97e6-b4e9-4f72-a8ba-dc4a7e833406/0881dd8f-90d8-41af-9d54-ee785f69160b4278.jpg]
[cdn.myportfolio.com/8f9e97e6-b4e9-4f72-a8ba-dc4a7e833406/0881dd8f-90d8-41af-9d54-ee785f69160b_rw_1920d652.jpg]
[cdn.myportfolio.com/8f9e97e6-b4e9-4f72-a8ba-dc4a7e833406/f47bc107-2f7b-4567-99e6-c9d8d7f809308a35.jpg]
[cdn.myportfolio.com/8f9e97e6-b4e9-4f72-a8ba-dc4a7e833406/f47bc107-2f7b-4567-99e6-c9d8d7f80930_rw_3840005a.jpg]
[feurona.com/idei-za-igri-carrot.html]
[cdn.myportfolio.com/8f9e97e6-b4e9-4f72-a8ba-dc4a7e833406/7155ed82-6201-432d-93f2-cc1c5801501026e9.jpg]
[cdn.myportfolio.com/8f9e97e6-b4e9-4f72-a8ba-dc4a7e833406/7155ed82-6201-432d-93f2-cc1c58015010_rw_120024ad.jpg]
[cdn.myportfolio.com/8f9e97e6-b4e9-4f72-a8ba-dc4a7e833406/a2e7676d-797a-47f9-9070-2a6a4048076ca2df.jpg]
[cdn.myportfolio.com/8f9e97e6-b4e9-4f72-a8ba-dc4a7e833406/a2e7676d-797a-47f9-9070-2a6a4048076c_rw_1200e06f.jpg]
[cdn.myportfolio.com/8f9e97e6-b4e9-4f72-a8ba-dc4a7e833406/7f7fd4d9-875d-4a6a-bea2-64c06d7cbf2d13f5.jpg]
[cdn.myportfolio.com/8f9e97e6-b4e9-4f72-a8ba-dc4a7e833406/7f7fd4d9-875d-4a6a-bea2-64c06d7cbf2d_rw_19207b06.jpg]
[cdn.myportfolio.com/8f9e97e6-b4e9-4f72-a8ba-dc4a7e833406/fd4af315-4b3b-4087-b099-79473fd4d496fa99.jpg]
[cdn.myportfolio.com/8f9e97e6-b4e9-4f72-a8ba-dc4a7e833406/fd4af315-4b3b-4087-b099-79473fd4d496_rw_192072fb.jpg]
[cdn.myportfolio.com/8f9e97e6-b4e9-4f72-a8ba-dc4a7e833406/25df2fb7-1074-4dd2-9f59-5a4d57c09f5bdf3e.jpg]
[cdn.myportfolio.com/8f9e97e6-b4e9-4f72-a8ba-dc4a7e833406/25df2fb7-1074-4dd2-9f59-5a4d57c09f5b_rw_19209ae7.jpg]
[cdn.myportfolio.com/8f9e97e6-b4e9-4f72-a8ba-dc4a7e833406/84d8e893-37b6-4216-9fc9-341faf2cf8910b63.jpg]
[cdn.myportfolio.com/8f9e97e6-b4e9-4f72-a8ba-dc4a7e833406/84d8e893-37b6-4216-9fc9-341faf2cf891_rw_120084f8.jpg]
[cdn.myportfolio.com/8f9e97e6-b4e9-4f72-a8ba-dc4a7e833406/7079ed3b-336f-470e-b373-e348f67090e2ad03.jpg]
[cdn.myportfolio.com/8f9e97e6-b4e9-4f72-a8ba-dc4a7e833406/7079ed3b-336f-470e-b373-e348f67090e2_rw_600e26d.jpg]
[feurona.com/mice-monkeys.html]
[cdn.myportfolio.com/8f9e97e6-b4e9-4f72-a8ba-dc4a7e833406/bce85df4-ec5e-487c-97de-1fa4b519dfecb389.jpg]
[cdn.myportfolio.com/8f9e97e6-b4e9-4f72-a8ba-dc4a7e833406/bce85df4-ec5e-487c-97de-1fa4b519dfec_rw_1920c978.jpg]
[cdn.myportfolio.com/8f9e97e6-b4e9-4f72-a8ba-dc4a7e833406/beb45485-dbb5-44b1-91f2-4d0b271c62d2d4d4.jpg]
[cdn.myportfolio.com/8f9e97e6-b4e9-4f72-a8ba-dc4a7e833406/beb45485-dbb5-44b1-91f2-4d0b271c62d2_rw_6000b33.jpg]
[cdn.myportfolio.com/8f9e97e6-b4e9-4f72-a8ba-dc4a7e833406/7059b2bb-b54e-450f-8db9-adfb06eaa9ea2503.jpg]
[cdn.myportfolio.com/8f9e97e6-b4e9-4f72-a8ba-dc4a7e833406/7059b2bb-b54e-450f-8db9-adfb06eaa9ea_rw_6005fc9.jpg]
[cdn.myportfolio.com/8f9e97e6-b4e9-4f72-a8ba-dc4a7e833406/c87f197e-d8f1-4b5c-9a0a-e3762ac24f1a9dd7.jpg]
[cdn.myportfolio.com/8f9e97e6-b4e9-4f72-a8ba-dc4a7e833406/c87f197e-d8f1-4b5c-9a0a-e3762ac24f1a_rw_19203603.jpg]
[cdn.myportfolio.com/8f9e97e6-b4e9-4f72-a8ba-dc4a7e833406/4041c8ad-ed91-476b-b7de-3ede3b6d4354296a.jpg]
[cdn.myportfolio.com/8f9e97e6-b4e9-4f72-a8ba-dc4a7e833406/4041c8ad-ed91-476b-b7de-3ede3b6d4354_rw_600b7b3.jpg]
[cdn.myportfolio.com/8f9e97e6-b4e9-4f72-a8ba-dc4a7e833406/a0924172-b22a-4ce2-af13-a07c52448d2f2917.jpg]
[cdn.myportfolio.com/8f9e97e6-b4e9-4f72-a8ba-dc4a7e833406/a0924172-b22a-4ce2-af13-a07c52448d2f_rw_600f3c7.jpg]
[cdn.myportfolio.com/8f9e97e6-b4e9-4f72-a8ba-dc4a7e833406/a7940bf2-5dfd-4365-836d-34978220b332c9f4.jpg]
[cdn.myportfolio.com/8f9e97e6-b4e9-4f72-a8ba-dc4a7e833406/a7940bf2-5dfd-4365-836d-34978220b332_rw_6000fc4.jpg]
[feurona.com/fit-fresh-with-ivka.html]
[cdn.myportfolio.com/8f9e97e6-b4e9-4f72-a8ba-dc4a7e833406/253bfa51-43f5-4aba-9850-eaed4f8224280f9c.jpg]
[cdn.myportfolio.com/8f9e97e6-b4e9-4f72-a8ba-dc4a7e833406/253bfa51-43f5-4aba-9850-eaed4f822428_rw_19203a28.jpg]
[cdn.myportfolio.com/8f9e97e6-b4e9-4f72-a8ba-dc4a7e833406/b97b8e25-c6e2-4423-a312-de632950fe203eae.jpg]
[cdn.myportfolio.com/8f9e97e6-b4e9-4f72-a8ba-dc4a7e833406/b97b8e25-c6e2-4423-a312-de632950fe20_rw_1920141d.jpg]
[cdn.myportfolio.com/8f9e97e6-b4e9-4f72-a8ba-dc4a7e833406/daed65fe-02f8-4def-bc6a-5e095c35aee58b89.jpg]
[cdn.myportfolio.com/8f9e97e6-b4e9-4f72-a8ba-dc4a7e833406/daed65fe-02f8-4def-bc6a-5e095c35aee5_rw_1920ffe6.jpg]
[cdn.myportfolio.com/8f9e97e6-b4e9-4f72-a8ba-dc4a7e833406/a6a45340-892a-44ca-ac39-ff0c12267ee9c028.jpg]
[cdn.myportfolio.com/8f9e97e6-b4e9-4f72-a8ba-dc4a7e833406/a6a45340-892a-44ca-ac39-ff0c12267ee9_rw_1920bc03.jpg]
[cdn.myportfolio.com/8f9e97e6-b4e9-4f72-a8ba-dc4a7e833406/0fa543d7-d3d6-4cfc-81e1-fe09bb17879dfb01.jpg]
[cdn.myportfolio.com/8f9e97e6-b4e9-4f72-a8ba-dc4a7e833406/0fa543d7-d3d6-4cfc-81e1-fe09bb17879d_rw_19204191.jpg]
[cdn.myportfolio.com/8f9e97e6-b4e9-4f72-a8ba-dc4a7e833406/47dafadb-4534-4f3d-add1-1f302d173f038158.jpg]
[cdn.myportfolio.com/8f9e97e6-b4e9-4f72-a8ba-dc4a7e833406/47dafadb-4534-4f3d-add1-1f302d173f03_rw_19208f24.jpg]
[cdn.myportfolio.com/8f9e97e6-b4e9-4f72-a8ba-dc4a7e833406/78f82548-78cf-445b-b0ed-14c27519ca73872c.jpg]
[cdn.myportfolio.com/8f9e97e6-b4e9-4f72-a8ba-dc4a7e833406/78f82548-78cf-445b-b0ed-14c27519ca73_rw_1920e242.jpg]
[cdn.myportfolio.com/8f9e97e6-b4e9-4f72-a8ba-dc4a7e833406/e27528f8-03aa-44e7-bdc9-98a111297e761090.jpg]
[cdn.myportfolio.com/8f9e97e6-b4e9-4f72-a8ba-dc4a7e833406/e27528f8-03aa-44e7-bdc9-98a111297e76_rw_192016fb.jpg]
[cdn.myportfolio.com/8f9e97e6-b4e9-4f72-a8ba-dc4a7e833406/f95c05c1-c95a-43d2-9960-12a441e30c81372a.jpg]
[cdn.myportfolio.com/8f9e97e6-b4e9-4f72-a8ba-dc4a7e833406/f95c05c1-c95a-43d2-9960-12a441e30c81_rw_1920ffad.jpg]
[cdn.myportfolio.com/8f9e97e6-b4e9-4f72-a8ba-dc4a7e833406/903f7690-5987-47c6-aeb0-a3f8624dcd6f429c.jpg]
[cdn.myportfolio.com/8f9e97e6-b4e9-4f72-a8ba-dc4a7e833406/903f7690-5987-47c6-aeb0-a3f8624dcd6f_rw_19209f61.jpg]
[cdn.myportfolio.com/8f9e97e6-b4e9-4f72-a8ba-dc4a7e833406/3f43cfb2-c3f0-43f3-93e5-0e74f632a51daa71.jpg]
[cdn.myportfolio.com/8f9e97e6-b4e9-4f72-a8ba-dc4a7e833406/3f43cfb2-c3f0-43f3-93e5-0e74f632a51d_rw_12000ddb.jpg]
[cdn.myportfolio.com/8f9e97e6-b4e9-4f72-a8ba-dc4a7e833406/5c1dc0ed-30f4-4768-8410-7471ad17b67d8199.jpg]
[cdn.myportfolio.com/8f9e97e6-b4e9-4f72-a8ba-dc4a7e833406/5c1dc0ed-30f4-4768-8410-7471ad17b67d_rw_1920b14e.jpg]
[cdn.myportfolio.com/8f9e97e6-b4e9-4f72-a8ba-dc4a7e833406/9f501799-ae38-4f8e-aba5-1b1f9c7d068cee6a.jpg]
[cdn.myportfolio.com/8f9e97e6-b4e9-4f72-a8ba-dc4a7e833406/9f501799-ae38-4f8e-aba5-1b1f9c7d068c_rw_19202d4c.jpg]
[cdn.myportfolio.com/8f9e97e6-b4e9-4f72-a8ba-dc4a7e833406/8c6729d0-a1fd-4879-82e8-b13f9b8913a1b889.jpg]
[cdn.myportfolio.com/8f9e97e6-b4e9-4f72-a8ba-dc4a7e833406/8c6729d0-a1fd-4879-82e8-b13f9b8913a1_rw_1920b52d.jpg]
[cdn.myportfolio.com/8f9e97e6-b4e9-4f72-a8ba-dc4a7e833406/ca80fa1e-39e3-4fd0-a557-e11b822c87b91425.jpg]
[cdn.myportfolio.com/8f9e97e6-b4e9-4f72-a8ba-dc4a7e833406/ca80fa1e-39e3-4fd0-a557-e11b822c87b9_rw_1920ee7f.jpg]
[cdn.myportfolio.com/8f9e97e6-b4e9-4f72-a8ba-dc4a7e833406/97cdb71d-bcce-4a05-8d16-e22e1b5e1b34cade.jpg]
[cdn.myportfolio.com/8f9e97e6-b4e9-4f72-a8ba-dc4a7e833406/97cdb71d-bcce-4a05-8d16-e22e1b5e1b34_rw_1920610c.jpg]
[cdn.myportfolio.com/8f9e97e6-b4e9-4f72-a8ba-dc4a7e833406/8d76ef82-6f68-49f0-9a8e-36ae3cbdcae842c2.jpg]
[cdn.myportfolio.com/8f9e97e6-b4e9-4f72-a8ba-dc4a7e833406/8d76ef82-6f68-49f0-9a8e-36ae3cbdcae8_rw_19202e3e.jpg]
[cdn.myportfolio.com/8f9e97e6-b4e9-4f72-a8ba-dc4a7e833406/65479fcb-9571-41e8-bab5-2fc667e61a972701.jpg]
[cdn.myportfolio.com/8f9e97e6-b4e9-4f72-a8ba-dc4a7e833406/65479fcb-9571-41e8-bab5-2fc667e61a97_rw_1920189f.jpg]
[cdn.myportfolio.com/8f9e97e6-b4e9-4f72-a8ba-dc4a7e833406/10747a02-02f4-4d88-984d-d306a673cb354bec.jpg]
[cdn.myportfolio.com/8f9e97e6-b4e9-4f72-a8ba-dc4a7e833406/10747a02-02f4-4d88-984d-d306a673cb35_rw_192023e6.jpg]
[cdn.myportfolio.com/8f9e97e6-b4e9-4f72-a8ba-dc4a7e833406/9f75fd8f-b52c-45d2-822c-f7194f4797926eb9.jpg]
[cdn.myportfolio.com/8f9e97e6-b4e9-4f72-a8ba-dc4a7e833406/9f75fd8f-b52c-45d2-822c-f7194f479792_rw_19207ffd.jpg]
[cdn.myportfolio.com/8f9e97e6-b4e9-4f72-a8ba-dc4a7e833406/206b88c2-b387-435f-b4fe-e814401a59fbc809.jpg]
[cdn.myportfolio.com/8f9e97e6-b4e9-4f72-a8ba-dc4a7e833406/206b88c2-b387-435f-b4fe-e814401a59fb_rw_1920201e.jpg]
[cdn.myportfolio.com/8f9e97e6-b4e9-4f72-a8ba-dc4a7e833406/3e667895-8b16-4a28-b813-a66d31e256bb2458.jpg]
[cdn.myportfolio.com/8f9e97e6-b4e9-4f72-a8ba-dc4a7e833406/3e667895-8b16-4a28-b813-a66d31e256bb_rw_19209044.jpg]
[cdn.myportfolio.com/8f9e97e6-b4e9-4f72-a8ba-dc4a7e833406/6a74cc06-d8aa-413d-9ec0-d75bd52decff6be2.jpg]
[cdn.myportfolio.com/8f9e97e6-b4e9-4f72-a8ba-dc4a7e833406/6a74cc06-d8aa-413d-9ec0-d75bd52decff_rw_19201fb3.jpg]
[cdn.myportfolio.com/8f9e97e6-b4e9-4f72-a8ba-dc4a7e833406/67772d3d-6f46-402d-8e80-be0ffdba4806e0a3.jpg]
[cdn.myportfolio.com/8f9e97e6-b4e9-4f72-a8ba-dc4a7e833406/67772d3d-6f46-402d-8e80-be0ffdba4806_rw_192048dc.jpg]
[cdn.myportfolio.com/8f9e97e6-b4e9-4f72-a8ba-dc4a7e833406/29bc08f5-c47e-4b8d-b9b2-8b2b5f1e9d42e136.jpg]
[cdn.myportfolio.com/8f9e97e6-b4e9-4f72-a8ba-dc4a7e833406/29bc08f5-c47e-4b8d-b9b2-8b2b5f1e9d42_rw_1920e03c.jpg]
[cdn.myportfolio.com/8f9e97e6-b4e9-4f72-a8ba-dc4a7e833406/42e500ca-3a4a-4bb9-980e-213e9faaaea2613d.jpg]
[cdn.myportfolio.com/8f9e97e6-b4e9-4f72-a8ba-dc4a7e833406/42e500ca-3a4a-4bb9-980e-213e9faaaea2_rw_192051ca.jpg]
[cdn.myportfolio.com/8f9e97e6-b4e9-4f72-a8ba-dc4a7e833406/4f0b339b-ed36-411d-ad80-b7b158f565405208.jpg]
[cdn.myportfolio.com/8f9e97e6-b4e9-4f72-a8ba-dc4a7e833406/4f0b339b-ed36-411d-ad80-b7b158f56540_rw_19200be3.jpg]
[cdn.myportfolio.com/8f9e97e6-b4e9-4f72-a8ba-dc4a7e833406/06c2faa8-2896-40a8-9d7d-0c845fa91c58fc68.jpg]
[cdn.myportfolio.com/8f9e97e6-b4e9-4f72-a8ba-dc4a7e833406/06c2faa8-2896-40a8-9d7d-0c845fa91c58_rw_19202eb5.jpg]
[cdn.myportfolio.com/8f9e97e6-b4e9-4f72-a8ba-dc4a7e833406/59b7e5a5-e24f-42b9-87ae-809ff3cec185b9e3.jpg]
[cdn.myportfolio.com/8f9e97e6-b4e9-4f72-a8ba-dc4a7e833406/59b7e5a5-e24f-42b9-87ae-809ff3cec185_rw_19202ec7.jpg]
[cdn.myportfolio.com/8f9e97e6-b4e9-4f72-a8ba-dc4a7e833406/84a4ba1d-9985-48ba-bdb1-c35327222a52f0a6.jpg]
[cdn.myportfolio.com/8f9e97e6-b4e9-4f72-a8ba-dc4a7e833406/84a4ba1d-9985-48ba-bdb1-c35327222a52_rw_19201d24.jpg]
[cdn.myportfolio.com/8f9e97e6-b4e9-4f72-a8ba-dc4a7e833406/753ec760-1161-4b65-b938-f04bea988ccc8b67.jpg]
[cdn.myportfolio.com/8f9e97e6-b4e9-4f72-a8ba-dc4a7e833406/753ec760-1161-4b65-b938-f04bea988ccc_rw_1920fb60.jpg]
[cdn.myportfolio.com/8f9e97e6-b4e9-4f72-a8ba-dc4a7e833406/dda5988b-7462-47b7-913a-533d573f2ce4a64e.jpg]
[cdn.myportfolio.com/8f9e97e6-b4e9-4f72-a8ba-dc4a7e833406/dda5988b-7462-47b7-913a-533d573f2ce4_rw_1920e006.jpg]
[cdn.myportfolio.com/8f9e97e6-b4e9-4f72-a8ba-dc4a7e833406/6ba65ba0-b0fb-4bb8-9574-d0561fb8100a24cd.jpg]
[cdn.myportfolio.com/8f9e97e6-b4e9-4f72-a8ba-dc4a7e833406/6ba65ba0-b0fb-4bb8-9574-d0561fb8100a_rw_1920877d.jpg]
[cdn.myportfolio.com/8f9e97e6-b4e9-4f72-a8ba-dc4a7e833406/495e71ce-72d4-4a0b-b363-079e60a46988e6b1.jpg]
[cdn.myportfolio.com/8f9e97e6-b4e9-4f72-a8ba-dc4a7e833406/495e71ce-72d4-4a0b-b363-079e60a46988_rw_1920c798.jpg]
[feurona.com/pretty-woman-clothing-store.html]
[cdn.myportfolio.com/8f9e97e6-b4e9-4f72-a8ba-dc4a7e833406/c20be19c-8efe-479f-9a6f-2be45c7ce3170773.jpg]
[cdn.myportfolio.com/8f9e97e6-b4e9-4f72-a8ba-dc4a7e833406/c20be19c-8efe-479f-9a6f-2be45c7ce317_rw_192086ea.jpg]
[cdn.myportfolio.com/8f9e97e6-b4e9-4f72-a8ba-dc4a7e833406/7c06d389-b97d-484e-ab92-9ecdb22b58d91d2c.jpg]
[cdn.myportfolio.com/8f9e97e6-b4e9-4f72-a8ba-dc4a7e833406/7c06d389-b97d-484e-ab92-9ecdb22b58d9_rw_19204027.jpg]
[feurona.com/heal.html]
[cdn.myportfolio.com/8f9e97e6-b4e9-4f72-a8ba-dc4a7e833406/ac9431f4-c9a2-421d-b615-26bf0f756ec29740.jpg]
[cdn.myportfolio.com/8f9e97e6-b4e9-4f72-a8ba-dc4a7e833406/ac9431f4-c9a2-421d-b615-26bf0f756ec2_rw_19200f2c.jpg]
[cdn.myportfolio.com/8f9e97e6-b4e9-4f72-a8ba-dc4a7e833406/9fc47765-1eb5-4222-aa79-bba363533da9b4d4.jpg]
[cdn.myportfolio.com/8f9e97e6-b4e9-4f72-a8ba-dc4a7e833406/9fc47765-1eb5-4222-aa79-bba363533da9_rw_384022fc.jpg]
[cdn.myportfolio.com/8f9e97e6-b4e9-4f72-a8ba-dc4a7e833406/8c6b7168-0d7a-4b39-ba55-36adb31bcae04932.jpg]
[cdn.myportfolio.com/8f9e97e6-b4e9-4f72-a8ba-dc4a7e833406/8c6b7168-0d7a-4b39-ba55-36adb31bcae0_rw_38403f7b.jpg]
[cdn.myportfolio.com/8f9e97e6-b4e9-4f72-a8ba-dc4a7e833406/25b2b920-90d2-48bb-ba94-443f4cf4690a2f42.jpg]
[cdn.myportfolio.com/8f9e97e6-b4e9-4f72-a8ba-dc4a7e833406/25b2b920-90d2-48bb-ba94-443f4cf4690a_rw_1920f91c.jpg]
[cdn.myportfolio.com/8f9e97e6-b4e9-4f72-a8ba-dc4a7e833406/3f9e046a-b58d-4480-99ee-5c534f23f30c4cfc.jpg]
[cdn.myportfolio.com/8f9e97e6-b4e9-4f72-a8ba-dc4a7e833406/3f9e046a-b58d-4480-99ee-5c534f23f30c_rw_3840d3ef.jpg]
[cdn.myportfolio.com/8f9e97e6-b4e9-4f72-a8ba-dc4a7e833406/1bd50f58-96de-437c-a07a-ef13e6f31340a93e.jpg]
[cdn.myportfolio.com/8f9e97e6-b4e9-4f72-a8ba-dc4a7e833406/1bd50f58-96de-437c-a07a-ef13e6f31340_rw_384025d4.jpg]
[cdn.myportfolio.com/8f9e97e6-b4e9-4f72-a8ba-dc4a7e833406/209b4d16-ac5d-42ca-b81a-e2bdd89c12cc4817.jpg]
[cdn.myportfolio.com/8f9e97e6-b4e9-4f72-a8ba-dc4a7e833406/209b4d16-ac5d-42ca-b81a-e2bdd89c12cc_rw_3840dcc5.jpg]
[cdn.myportfolio.com/8f9e97e6-b4e9-4f72-a8ba-dc4a7e833406/35d0c642-9a5c-440d-8bd0-9b24b469040d6eb1.jpg]
[cdn.myportfolio.com/8f9e97e6-b4e9-4f72-a8ba-dc4a7e833406/35d0c642-9a5c-440d-8bd0-9b24b469040d_rw_384059b3.jpg]
[feurona.com/kreda.html]
[feurona.com/sail.html]
[cdn.myportfolio.com/8f9e97e6-b4e9-4f72-a8ba-dc4a7e833406/4217153e-7d44-4389-a981-a114ab9817c39f39.jpg]
[cdn.myportfolio.com/8f9e97e6-b4e9-4f72-a8ba-dc4a7e833406/4217153e-7d44-4389-a981-a114ab9817c3_rw_1920052f.jpg]
[feurona.com/endorfino.html]
[cdn.myportfolio.com/8f9e97e6-b4e9-4f72-a8ba-dc4a7e833406/25a20402-4ebe-4e42-b059-36a60d4e6d118ffa.jpg]
[cdn.myportfolio.com/8f9e97e6-b4e9-4f72-a8ba-dc4a7e833406/25a20402-4ebe-4e42-b059-36a60d4e6d11_rw_1200787c.jpg]
[feurona.com/elaste-magazine.html]
[cdn.myportfolio.com/8f9e97e6-b4e9-4f72-a8ba-dc4a7e833406/f4f2d4f0-2ec0-4c1e-8c8c-7dd3a598312cbeab.jpg]
[cdn.myportfolio.com/8f9e97e6-b4e9-4f72-a8ba-dc4a7e833406/f4f2d4f0-2ec0-4c1e-8c8c-7dd3a598312c_rw_19203e50.jpg]
[feurona.com/racitebg.html]
[cdn.myportfolio.com/8f9e97e6-b4e9-4f72-a8ba-dc4a7e833406/17b323e4-c518-4778-87e6-20035ac5d9a01903.jpg]
[cdn.myportfolio.com/8f9e97e6-b4e9-4f72-a8ba-dc4a7e833406/17b323e4-c518-4778-87e6-20035ac5d9a0_rw_3840ad51.jpg]
[cdn.myportfolio.com/8f9e97e6-b4e9-4f72-a8ba-dc4a7e833406/957417a3-2d69-46ba-bbb0-f95c77d0887f5faf.jpg]
[cdn.myportfolio.com/8f9e97e6-b4e9-4f72-a8ba-dc4a7e833406/957417a3-2d69-46ba-bbb0-f95c77d0887f_rw_192062e9.jpg]
[cdn.myportfolio.com/8f9e97e6-b4e9-4f72-a8ba-dc4a7e833406/d5b244f2-f88d-404c-94ba-406f880ce44d799a.jpg]
[cdn.myportfolio.com/8f9e97e6-b4e9-4f72-a8ba-dc4a7e833406/d5b244f2-f88d-404c-94ba-406f880ce44d_rw_1200d7b3.jpg]
[feurona.com/bulgarian-storm-logo-t-shirt-design.html]
[cdn.myportfolio.com/8f9e97e6-b4e9-4f72-a8ba-dc4a7e833406/03a35a32-6c3d-4b45-abad-b8b1f5f12d8cea07.jpg]
[cdn.myportfolio.com/8f9e97e6-b4e9-4f72-a8ba-dc4a7e833406/03a35a32-6c3d-4b45-abad-b8b1f5f12d8c_rw_600bbb7.jpg]
[cdn.myportfolio.com/8f9e97e6-b4e9-4f72-a8ba-dc4a7e833406/a16cc877-d44a-4b94-acf5-8c2b8919d0c9e0e2.jpg]
[cdn.myportfolio.com/8f9e97e6-b4e9-4f72-a8ba-dc4a7e833406/a16cc877-d44a-4b94-acf5-8c2b8919d0c9_rw_19209621.jpg]
[feurona.com/wine-harbour-illustration.html]
[cdn.myportfolio.com/8f9e97e6-b4e9-4f72-a8ba-dc4a7e833406/4afa9cb2-5857-4037-9678-174f40179f78e8e4.jpg]
[cdn.myportfolio.com/8f9e97e6-b4e9-4f72-a8ba-dc4a7e833406/4afa9cb2-5857-4037-9678-174f40179f78_rw_384033a0.jpg]
[feurona.com/kalia-eood.html]
[cdn.myportfolio.com/8f9e97e6-b4e9-4f72-a8ba-dc4a7e833406/11f02034-8b9d-4079-81ea-6cf54d3c073fb257.jpg]
[cdn.myportfolio.com/8f9e97e6-b4e9-4f72-a8ba-dc4a7e833406/11f02034-8b9d-4079-81ea-6cf54d3c073f_rw_12002b0b.jpg]
[cdn.myportfolio.com/8f9e97e6-b4e9-4f72-a8ba-dc4a7e833406/3c2486e0-c1f2-49a3-b3cf-cd72913af98fa866.jpg]
[cdn.myportfolio.com/8f9e97e6-b4e9-4f72-a8ba-dc4a7e833406/3c2486e0-c1f2-49a3-b3cf-cd72913af98f_rw_12003bb7.jpg]
[feurona.com/biana-photography.html]
[cdn.myportfolio.com/8f9e97e6-b4e9-4f72-a8ba-dc4a7e833406/724f8c6f-dcd1-4add-b13b-3a41fc2b9fb35904.jpg]
[cdn.myportfolio.com/8f9e97e6-b4e9-4f72-a8ba-dc4a7e833406/724f8c6f-dcd1-4add-b13b-3a41fc2b9fb3_rw_192037e6.jpg]
[cdn.myportfolio.com/8f9e97e6-b4e9-4f72-a8ba-dc4a7e833406/8d70fc0d-4242-4c52-ad65-fcf557b332b12dad.jpg]
[cdn.myportfolio.com/8f9e97e6-b4e9-4f72-a8ba-dc4a7e833406/8d70fc0d-4242-4c52-ad65-fcf557b332b1_rw_19208615.jpg]
[cdn.myportfolio.com/8f9e97e6-b4e9-4f72-a8ba-dc4a7e833406/619d1b20-24e2-4031-9b97-0bc0f19a3425768d.jpg]
[cdn.myportfolio.com/8f9e97e6-b4e9-4f72-a8ba-dc4a7e833406/619d1b20-24e2-4031-9b97-0bc0f19a3425_rw_192089ad.jpg]
[cdn.myportfolio.com/8f9e97e6-b4e9-4f72-a8ba-dc4a7e833406/864262bf-8ae0-49a7-a9a6-fe9f70ce3b8343f0.jpg]
[cdn.myportfolio.com/8f9e97e6-b4e9-4f72-a8ba-dc4a7e833406/864262bf-8ae0-49a7-a9a6-fe9f70ce3b83_rw_19208fe8.jpg]
[cdn.myportfolio.com/8f9e97e6-b4e9-4f72-a8ba-dc4a7e833406/4aad6e38-ff7c-4dac-a7a4-2160df41f262ecfe.jpg]
[cdn.myportfolio.com/8f9e97e6-b4e9-4f72-a8ba-dc4a7e833406/4aad6e38-ff7c-4dac-a7a4-2160df41f262_rw_1920307c.jpg]
[cdn.myportfolio.com/8f9e97e6-b4e9-4f72-a8ba-dc4a7e833406/d9e9ec8c-d697-42b0-b9da-aad6a1193646d711.jpg]
[cdn.myportfolio.com/8f9e97e6-b4e9-4f72-a8ba-dc4a7e833406/d9e9ec8c-d697-42b0-b9da-aad6a1193646_rw_192031d7.jpg]
[cdn.myportfolio.com/8f9e97e6-b4e9-4f72-a8ba-dc4a7e833406/79df1ab7-4bc1-4c79-aa3b-8ebebd6255f659d2.jpg]
[cdn.myportfolio.com/8f9e97e6-b4e9-4f72-a8ba-dc4a7e833406/79df1ab7-4bc1-4c79-aa3b-8ebebd6255f6_rw_3840b3a4.jpg]
[cdn.myportfolio.com/8f9e97e6-b4e9-4f72-a8ba-dc4a7e833406/d7aebd7e-7ab1-44a8-9c5a-df7acb23d9f8c20f.jpg]
[cdn.myportfolio.com/8f9e97e6-b4e9-4f72-a8ba-dc4a7e833406/d7aebd7e-7ab1-44a8-9c5a-df7acb23d9f8_rw_19202b6b.jpg]
[cdn.myportfolio.com/8f9e97e6-b4e9-4f72-a8ba-dc4a7e833406/b832f681-f4b6-4efd-803a-d49de8b61afeae84.jpg]
[cdn.myportfolio.com/8f9e97e6-b4e9-4f72-a8ba-dc4a7e833406/b832f681-f4b6-4efd-803a-d49de8b61afe_rw_3840cf8b.jpg]
[cdn.myportfolio.com/8f9e97e6-b4e9-4f72-a8ba-dc4a7e833406/16a290e4-0808-458e-bf3f-4558183dd0e9c319.jpg]
[cdn.myportfolio.com/8f9e97e6-b4e9-4f72-a8ba-dc4a7e833406/16a290e4-0808-458e-bf3f-4558183dd0e9_rw_3840c565.jpg]
[cdn.myportfolio.com/8f9e97e6-b4e9-4f72-a8ba-dc4a7e833406/40c82b3f-3cea-4903-b688-c7ad57e97a2ee683.jpg]
[cdn.myportfolio.com/8f9e97e6-b4e9-4f72-a8ba-dc4a7e833406/40c82b3f-3cea-4903-b688-c7ad57e97a2e_rw_12005581.jpg]
[cdn.myportfolio.com/8f9e97e6-b4e9-4f72-a8ba-dc4a7e833406/4108379c-3f98-43b6-8cde-3e252d69de99c258.jpg]
[cdn.myportfolio.com/8f9e97e6-b4e9-4f72-a8ba-dc4a7e833406/4108379c-3f98-43b6-8cde-3e252d69de99_rw_3840f31d.jpg]
[cdn.myportfolio.com/8f9e97e6-b4e9-4f72-a8ba-dc4a7e833406/2036b409-dfe4-4c90-b3e1-1805f08e36cf5e27.jpg]
[cdn.myportfolio.com/8f9e97e6-b4e9-4f72-a8ba-dc4a7e833406/2036b409-dfe4-4c90-b3e1-1805f08e36cf_rw_19201292.jpg]
[cdn.myportfolio.com/8f9e97e6-b4e9-4f72-a8ba-dc4a7e833406/e0843f5d-a5e0-449a-b7a8-86e8eec5e928cd67.jpg]
[cdn.myportfolio.com/8f9e97e6-b4e9-4f72-a8ba-dc4a7e833406/e0843f5d-a5e0-449a-b7a8-86e8eec5e928_rw_19203da5.jpg]
[cdn.myportfolio.com/8f9e97e6-b4e9-4f72-a8ba-dc4a7e833406/a802337e-5c26-4b3a-b84a-fa6e4b9bda05aeec.jpg]
[cdn.myportfolio.com/8f9e97e6-b4e9-4f72-a8ba-dc4a7e833406/a802337e-5c26-4b3a-b84a-fa6e4b9bda05_rw_1920561c.jpg]
[cdn.myportfolio.com/8f9e97e6-b4e9-4f72-a8ba-dc4a7e833406/9508a6e6-91bf-445b-ad45-3f968768e7fe20ab.jpg]
[cdn.myportfolio.com/8f9e97e6-b4e9-4f72-a8ba-dc4a7e833406/9508a6e6-91bf-445b-ad45-3f968768e7fe_rw_1920733a.jpg]
[cdn.myportfolio.com/8f9e97e6-b4e9-4f72-a8ba-dc4a7e833406/bc4b6ad8-33c1-4671-8360-bc0ad0e8d2197d34.jpg]
[cdn.myportfolio.com/8f9e97e6-b4e9-4f72-a8ba-dc4a7e833406/bc4b6ad8-33c1-4671-8360-bc0ad0e8d219_rw_192079b9.jpg]
[cdn.myportfolio.com/8f9e97e6-b4e9-4f72-a8ba-dc4a7e833406/ff20a39a-d442-48c3-9e18-7eeffd991431d816.jpg]
[cdn.myportfolio.com/8f9e97e6-b4e9-4f72-a8ba-dc4a7e833406/ff20a39a-d442-48c3-9e18-7eeffd991431_rw_1920e7d5.jpg]
[feurona.com/zodiac.html]
[cdn.myportfolio.com/8f9e97e6-b4e9-4f72-a8ba-dc4a7e833406/edc40b24-6177-4452-b4da-f5b3ca27ce865e19.png]
[cdn.myportfolio.com/8f9e97e6-b4e9-4f72-a8ba-dc4a7e833406/edc40b24-6177-4452-b4da-f5b3ca27ce86_rw_192066e6.png]
[feurona.com/siyanavelikova.html]
[cdn.myportfolio.com/8f9e97e6-b4e9-4f72-a8ba-dc4a7e833406/7336a2c3-1501-4347-8d10-8c9b8553c46dc5bb.png]
[cdn.myportfolio.com/8f9e97e6-b4e9-4f72-a8ba-dc4a7e833406/7336a2c3-1501-4347-8d10-8c9b8553c46d_rw_1920d8e5.png]
[feurona.com/eu-student-union-meeting-logo.html]
[cdn.myportfolio.com/8f9e97e6-b4e9-4f72-a8ba-dc4a7e833406/e3d4abeb-7d98-476e-8f6f-9828718ab9b25ab6.jpg]
[cdn.myportfolio.com/8f9e97e6-b4e9-4f72-a8ba-dc4a7e833406/e3d4abeb-7d98-476e-8f6f-9828718ab9b2_rw_1200789d.jpg]
[feurona.com/inner-wheel-seal.html]
[cdn.myportfolio.com/8f9e97e6-b4e9-4f72-a8ba-dc4a7e833406/7910a5e1-d799-4700-b09b-570d4001a40b8a96.jpg]
[cdn.myportfolio.com/8f9e97e6-b4e9-4f72-a8ba-dc4a7e833406/7910a5e1-d799-4700-b09b-570d4001a40b_rw_19207070.jpg]
[feurona.com/prospective-campaign-for-wizzair.html]
[cdn.myportfolio.com/8f9e97e6-b4e9-4f72-a8ba-dc4a7e833406/975d6404-49b3-4498-923c-055139b695f21248.jpg]
[cdn.myportfolio.com/8f9e97e6-b4e9-4f72-a8ba-dc4a7e833406/975d6404-49b3-4498-923c-055139b695f2_rw_1920d83a.jpg]
[cdn.myportfolio.com/8f9e97e6-b4e9-4f72-a8ba-dc4a7e833406/0c7302db-d30e-4365-9e4d-1e675b8c7698cd11.jpg]
[cdn.myportfolio.com/8f9e97e6-b4e9-4f72-a8ba-dc4a7e833406/0c7302db-d30e-4365-9e4d-1e675b8c7698_rw_3840d005.jpg]
[feurona.com/bolyarci.html]
[feurona.com/dimitrov-winery-label.html]
[cdn.myportfolio.com/8f9e97e6-b4e9-4f72-a8ba-dc4a7e833406/d6f56ec7-d6b8-4f26-95ee-c9487887bbe8cddd.jpg]
[cdn.myportfolio.com/8f9e97e6-b4e9-4f72-a8ba-dc4a7e833406/d6f56ec7-d6b8-4f26-95ee-c9487887bbe8_rw_1920da7b.jpg]
[cdn.myportfolio.com/8f9e97e6-b4e9-4f72-a8ba-dc4a7e833406/bf9f4033-8d43-42cf-8a02-0e0252d863f8a733.jpg]
[cdn.myportfolio.com/8f9e97e6-b4e9-4f72-a8ba-dc4a7e833406/bf9f4033-8d43-42cf-8a02-0e0252d863f8_rw_1920ef38.jpg]
[cdn.myportfolio.com/8f9e97e6-b4e9-4f72-a8ba-dc4a7e833406/b2e7c82e-0fa1-4409-8d67-d5ef691be19c4a14.jpg]
[cdn.myportfolio.com/8f9e97e6-b4e9-4f72-a8ba-dc4a7e833406/b2e7c82e-0fa1-4409-8d67-d5ef691be19c_rw_1920f480.jpg]
[cdn.myportfolio.com/8f9e97e6-b4e9-4f72-a8ba-dc4a7e833406/c55efc6e-1922-418b-9121-59be043cc93e4a91.jpg]
[cdn.myportfolio.com/8f9e97e6-b4e9-4f72-a8ba-dc4a7e833406/c55efc6e-1922-418b-9121-59be043cc93e_rw_192011d4.jpg]
[cdn.myportfolio.com/8f9e97e6-b4e9-4f72-a8ba-dc4a7e833406/630febaa-42df-46fe-ad17-c5f78c7005b9988a.jpg]
[cdn.myportfolio.com/8f9e97e6-b4e9-4f72-a8ba-dc4a7e833406/630febaa-42df-46fe-ad17-c5f78c7005b9_rw_1920067f.jpg]
[cdn.myportfolio.com/8f9e97e6-b4e9-4f72-a8ba-dc4a7e833406/a526cbab-85f7-4c22-a385-5b045ed7b4b5a0ca.jpg]
[cdn.myportfolio.com/8f9e97e6-b4e9-4f72-a8ba-dc4a7e833406/a526cbab-85f7-4c22-a385-5b045ed7b4b5_rw_19202be8.jpg]
[cdn.myportfolio.com/8f9e97e6-b4e9-4f72-a8ba-dc4a7e833406/c7b93445-d39a-4041-9763-7d9284d80bd4f38e.jpg]
[cdn.myportfolio.com/8f9e97e6-b4e9-4f72-a8ba-dc4a7e833406/c7b93445-d39a-4041-9763-7d9284d80bd4_rw_1920dccc.jpg]
[feurona.com/sun-moon-wines.html]
[cdn.myportfolio.com/8f9e97e6-b4e9-4f72-a8ba-dc4a7e833406/ae2c8eaf-f8e6-46a2-9ce2-6b5b8d02ac48b26d.jpg]
[cdn.myportfolio.com/8f9e97e6-b4e9-4f72-a8ba-dc4a7e833406/ae2c8eaf-f8e6-46a2-9ce2-6b5b8d02ac48_rw_192060e4.jpg]
[cdn.myportfolio.com/8f9e97e6-b4e9-4f72-a8ba-dc4a7e833406/9c5d132d-1bf0-495a-aa30-03b4b5e7314aac5d.jpg]
[cdn.myportfolio.com/8f9e97e6-b4e9-4f72-a8ba-dc4a7e833406/9c5d132d-1bf0-495a-aa30-03b4b5e7314a_rw_19209671.jpg]
[cdn.myportfolio.com/8f9e97e6-b4e9-4f72-a8ba-dc4a7e833406/50b3a91c-93b5-4a93-89d9-37f9e7361f960be4.jpg]
[cdn.myportfolio.com/8f9e97e6-b4e9-4f72-a8ba-dc4a7e833406/50b3a91c-93b5-4a93-89d9-37f9e7361f96_rw_19201436.jpg]
[feurona.com/eagle-prey-wines.html]
[cdn.myportfolio.com/8f9e97e6-b4e9-4f72-a8ba-dc4a7e833406/0a66e764-7fe6-431c-aac2-379a1a8b4a1eddb7.jpg]
[cdn.myportfolio.com/8f9e97e6-b4e9-4f72-a8ba-dc4a7e833406/0a66e764-7fe6-431c-aac2-379a1a8b4a1e_rw_19203a38.jpg]
[feurona.com/solnisko-susukane.html]
[cdn.myportfolio.com/8f9e97e6-b4e9-4f72-a8ba-dc4a7e833406/05ae12c4-5093-4392-8591-17dbce36d1106f65.jpg]
[cdn.myportfolio.com/8f9e97e6-b4e9-4f72-a8ba-dc4a7e833406/05ae12c4-5093-4392-8591-17dbce36d110_rw_19203040.jpg]
[cdn.myportfolio.com/8f9e97e6-b4e9-4f72-a8ba-dc4a7e833406/00aa9ecb-22b1-4a50-9316-c887b7894833295c.jpg]
[cdn.myportfolio.com/8f9e97e6-b4e9-4f72-a8ba-dc4a7e833406/00aa9ecb-22b1-4a50-9316-c887b7894833_rw_1920383f.jpg]
[cdn.myportfolio.com/8f9e97e6-b4e9-4f72-a8ba-dc4a7e833406/83f4a929-aef7-4e7c-a6cf-e0ab9c255fd4e662.jpg]
[cdn.myportfolio.com/8f9e97e6-b4e9-4f72-a8ba-dc4a7e833406/83f4a929-aef7-4e7c-a6cf-e0ab9c255fd4_rw_19201078.jpg]
[cdn.myportfolio.com/8f9e97e6-b4e9-4f72-a8ba-dc4a7e833406/31fd5c52-ae4b-4cc2-8965-89537f3fecce2f56.jpg]
[cdn.myportfolio.com/8f9e97e6-b4e9-4f72-a8ba-dc4a7e833406/31fd5c52-ae4b-4cc2-8965-89537f3fecce_rw_192092aa.jpg]
[cdn.myportfolio.com/8f9e97e6-b4e9-4f72-a8ba-dc4a7e833406/bee579fd-9392-48fe-b14c-7de8235c65be4b33.jpg]
[cdn.myportfolio.com/8f9e97e6-b4e9-4f72-a8ba-dc4a7e833406/bee579fd-9392-48fe-b14c-7de8235c65be_rw_1920875b.jpg]
[feurona.com/spiesanie-ocen-pregled.html]
[cdn.myportfolio.com/8f9e97e6-b4e9-4f72-a8ba-dc4a7e833406/84d9dbae-a71d-4c3e-abf0-6108157a82b8aab9.jpg]
[cdn.myportfolio.com/8f9e97e6-b4e9-4f72-a8ba-dc4a7e833406/84d9dbae-a71d-4c3e-abf0-6108157a82b8_rw_1920dd33.jpg]
[cdn.myportfolio.com/8f9e97e6-b4e9-4f72-a8ba-dc4a7e833406/9935d86a-ba1f-4dd5-aa20-7c958a664cf2345c.jpg]
[cdn.myportfolio.com/8f9e97e6-b4e9-4f72-a8ba-dc4a7e833406/9935d86a-ba1f-4dd5-aa20-7c958a664cf2_rw_19207b95.jpg]
[cdn.myportfolio.com/8f9e97e6-b4e9-4f72-a8ba-dc4a7e833406/b743b96d-312e-4f94-874e-9bc1c741c88a8bc6.jpg]
[cdn.myportfolio.com/8f9e97e6-b4e9-4f72-a8ba-dc4a7e833406/b743b96d-312e-4f94-874e-9bc1c741c88a_rw_192056be.jpg]
[feurona.com/lantum-flyer-illustration.html]
[cdn.myportfolio.com/8f9e97e6-b4e9-4f72-a8ba-dc4a7e833406/3654c1e8-f6c7-406b-afd7-3b29ca904d0ae039.jpg]
[cdn.myportfolio.com/8f9e97e6-b4e9-4f72-a8ba-dc4a7e833406/3654c1e8-f6c7-406b-afd7-3b29ca904d0a_rw_19201160.jpg]
[cdn.myportfolio.com/8f9e97e6-b4e9-4f72-a8ba-dc4a7e833406/0571d1fb-1891-4ad6-9279-79f0dcd9562c7dd8.jpg]
[cdn.myportfolio.com/8f9e97e6-b4e9-4f72-a8ba-dc4a7e833406/0571d1fb-1891-4ad6-9279-79f0dcd9562c_rw_19202d05.jpg]
[cdn.myportfolio.com/8f9e97e6-b4e9-4f72-a8ba-dc4a7e833406/8e4c9cfa-b9e2-496e-bb81-e9d1004c6a76927c.jpg]
[cdn.myportfolio.com/8f9e97e6-b4e9-4f72-a8ba-dc4a7e833406/8e4c9cfa-b9e2-496e-bb81-e9d1004c6a76_rw_1920ea4a.jpg]
[cdn.myportfolio.com/8f9e97e6-b4e9-4f72-a8ba-dc4a7e833406/ca03fa42-1776-451b-abe0-a3b052a3749148a8.jpg]
[cdn.myportfolio.com/8f9e97e6-b4e9-4f72-a8ba-dc4a7e833406/ca03fa42-1776-451b-abe0-a3b052a37491_rw_1920d30b.jpg]
[cdn.myportfolio.com/8f9e97e6-b4e9-4f72-a8ba-dc4a7e833406/6a96122d-02ff-46cc-a095-09c2c3b300a29366.jpg]
[cdn.myportfolio.com/8f9e97e6-b4e9-4f72-a8ba-dc4a7e833406/6a96122d-02ff-46cc-a095-09c2c3b300a2_rw_1920cdd5.jpg]
[cdn.myportfolio.com/8f9e97e6-b4e9-4f72-a8ba-dc4a7e833406/61e8fc3e-4b6f-41bc-926a-d15477b6483373f6.jpg]
[cdn.myportfolio.com/8f9e97e6-b4e9-4f72-a8ba-dc4a7e833406/61e8fc3e-4b6f-41bc-926a-d15477b64833_rw_1920bf20.jpg]
[cdn.myportfolio.com/8f9e97e6-b4e9-4f72-a8ba-dc4a7e833406/ad66cd75-2b48-4a6a-8909-b700ccafafb255e8.jpg]
[cdn.myportfolio.com/8f9e97e6-b4e9-4f72-a8ba-dc4a7e833406/ad66cd75-2b48-4a6a-8909-b700ccafafb2_rw_1920f223.jpg]
[cdn.myportfolio.com/8f9e97e6-b4e9-4f72-a8ba-dc4a7e833406/a41c5d2b-cb0a-42be-9411-a22fa1af026b5c88.jpg]
[cdn.myportfolio.com/8f9e97e6-b4e9-4f72-a8ba-dc4a7e833406/a41c5d2b-cb0a-42be-9411-a22fa1af026b_rw_1920edea.jpg]
[feurona.com/comics-nem-takva-darzav.html]
[cdn.myportfolio.com/8f9e97e6-b4e9-4f72-a8ba-dc4a7e833406/e69ecd71-67e2-4750-925e-b9a16eb464d24cb9.jpg]
[cdn.myportfolio.com/8f9e97e6-b4e9-4f72-a8ba-dc4a7e833406/e69ecd71-67e2-4750-925e-b9a16eb464d2_rw_600caa4.jpg]
[cdn.myportfolio.com/8f9e97e6-b4e9-4f72-a8ba-dc4a7e833406/58b2e26f-9b43-4823-8e6b-8fdd69d79fbc7311.jpg]
[cdn.myportfolio.com/8f9e97e6-b4e9-4f72-a8ba-dc4a7e833406/58b2e26f-9b43-4823-8e6b-8fdd69d79fbc_rw_6009565.jpg]
[cdn.myportfolio.com/8f9e97e6-b4e9-4f72-a8ba-dc4a7e833406/51a5e8ce-88b8-455c-a1c0-c06cb8a4f7eb1d71.jpg]
[cdn.myportfolio.com/8f9e97e6-b4e9-4f72-a8ba-dc4a7e833406/51a5e8ce-88b8-455c-a1c0-c06cb8a4f7eb_rw_6001127.jpg]
[cdn.myportfolio.com/8f9e97e6-b4e9-4f72-a8ba-dc4a7e833406/9d46c814-c0c7-4e9c-bc50-7ddeb70b9a310781.jpg]
[cdn.myportfolio.com/8f9e97e6-b4e9-4f72-a8ba-dc4a7e833406/9d46c814-c0c7-4e9c-bc50-7ddeb70b9a31_rw_60036fd.jpg]
[cdn.myportfolio.com/8f9e97e6-b4e9-4f72-a8ba-dc4a7e833406/9861bccf-e339-433c-a264-2b7c4fe3e5f86662.jpg]
[cdn.myportfolio.com/8f9e97e6-b4e9-4f72-a8ba-dc4a7e833406/9861bccf-e339-433c-a264-2b7c4fe3e5f8_rw_600dbf9.jpg]
[cdn.myportfolio.com/8f9e97e6-b4e9-4f72-a8ba-dc4a7e833406/5ce1b611-0255-4c6a-b5df-f194cf735d1fcf68.png]
[cdn.myportfolio.com/8f9e97e6-b4e9-4f72-a8ba-dc4a7e833406/5ce1b611-0255-4c6a-b5df-f194cf735d1f_rw_1200e18f.png]
[feurona.com/art-for-picture-decorations.html]
[cdn.myportfolio.com/8f9e97e6-b4e9-4f72-a8ba-dc4a7e833406/a5c7db8391a7106a78dc7ab3f0e0944a1764598855799c.css]
[cdn.myportfolio.com/8f9e97e6-b4e9-4f72-a8ba-dc4a7e833406/717829a48b5fad64747b7bf2f577ae731764598855ae88.css]
[cdn.myportfolio.com/8f9e97e6-b4e9-4f72-a8ba-dc4a7e833406/b936d00a86091f4d2d15a6553baf6a4717645988551210.css]
